<?xml version="1.0" encoding="UTF-8"?>
<!-- Generated by org.testng.reporters.JUnitXMLReporter -->
<testsuite ignored="0" hostname="DESKTOP-SH1FQQ4" failures="0" tests="11" name="NinjaTest" time="49.718" errors="0" timestamp="2022-12-29T03:27:19 EST">
  <testcase classname="com.tutorialsninja.testcases.Login_Test" name="VerifyLoginWithValidCredentials" time="0.863"/>
  <testcase classname="com.tutorialsninja.testcases.Login_Test" name="VerifyLoginWithInvalidCredentials" time="0.64"/>
  <testcase classname="com.tutorialsninja.testcases.Login_Test" name="VerifyLoginWithInvalidEmailValidPassword" time="0.607"/>
  <testcase classname="com.tutorialsninja.testcases.Login_Test" name="VerifyLoginWithValidEmailInvalidPassword" time="0.627"/>
  <testcase classname="com.tutorialsninja.testcases.Login_Test" name="VerifyLoginWithNoCredentials" time="0.582"/>
  <testcase classname="com.tutorialsninja.testcases.RegisterTest" name="VerifyRegisterWithMandatoryFields" time="1.18"/>
  <testcase classname="com.tutorialsninja.testcases.RegisterTest" name="VerifyRegisterWithAllFields" time="1.187"/>
  <testcase classname="com.tutorialsninja.testcases.RegisterTest" name="VerifyRegisterWithoutFeelingAnyFields" time="0.569"/>
  <testcase classname="com.tutorialsninja.testcases.SearchTest" name="verifySearchWithValidProducts" time="0.688"/>
  <testcase classname="com.tutorialsninja.testcases.SearchTest" name="verifySearchWithInvalidProducts" time="0.496"/>
  <testcase classname="com.tutorialsninja.testcases.SearchTest" name="verifySearchWithNoProducts" time="0.516"/>
</testsuite> <!-- NinjaTest -->
