<?xml version="1.0" encoding="UTF-8"?>
<testng-results ignored="0" total="11" passed="11" failed="0" skipped="0">
  <reporter-output>
  </reporter-output>
  <suite started-at="2022-12-29T03:26:30 EST" name="NinjaSuite" finished-at="2022-12-29T03:27:19 EST" duration-ms="49718">
    <groups>
    </groups>
    <test started-at="2022-12-29T03:26:30 EST" name="NinjaTest" finished-at="2022-12-29T03:27:19 EST" duration-ms="49718">
      <class name="com.tutorialsninja.testcases.SearchTest">
        <test-method is-config="true" signature="setup()[pri:0, instance:com.tutorialsninja.testcases.SearchTest@18271936]" started-at="2022-12-29T03:27:08 EST" name="setup" finished-at="2022-12-29T03:27:11 EST" duration-ms="2808" status="PASS">
          <reporter-output>
          </reporter-output>
        </test-method> <!-- setup -->
        <test-method signature="verifySearchWithValidProducts()[pri:1, instance:com.tutorialsninja.testcases.SearchTest@18271936]" started-at="2022-12-29T03:27:11 EST" name="verifySearchWithValidProducts" finished-at="2022-12-29T03:27:12 EST" duration-ms="688" status="PASS">
          <reporter-output>
          </reporter-output>
        </test-method> <!-- verifySearchWithValidProducts -->
        <test-method is-config="true" signature="tearDown()[pri:0, instance:com.tutorialsninja.testcases.SearchTest@18271936]" started-at="2022-12-29T03:27:12 EST" name="tearDown" finished-at="2022-12-29T03:27:12 EST" duration-ms="143" status="PASS">
          <reporter-output>
          </reporter-output>
        </test-method> <!-- tearDown -->
        <test-method is-config="true" signature="setup()[pri:0, instance:com.tutorialsninja.testcases.SearchTest@18271936]" started-at="2022-12-29T03:27:12 EST" name="setup" finished-at="2022-12-29T03:27:15 EST" duration-ms="3051" status="PASS">
          <reporter-output>
          </reporter-output>
        </test-method> <!-- setup -->
        <test-method signature="verifySearchWithInvalidProducts()[pri:2, instance:com.tutorialsninja.testcases.SearchTest@18271936]" started-at="2022-12-29T03:27:15 EST" name="verifySearchWithInvalidProducts" finished-at="2022-12-29T03:27:15 EST" duration-ms="496" status="PASS">
          <reporter-output>
          </reporter-output>
        </test-method> <!-- verifySearchWithInvalidProducts -->
        <test-method is-config="true" signature="tearDown()[pri:0, instance:com.tutorialsninja.testcases.SearchTest@18271936]" started-at="2022-12-29T03:27:15 EST" name="tearDown" finished-at="2022-12-29T03:27:16 EST" duration-ms="176" status="PASS">
          <reporter-output>
          </reporter-output>
        </test-method> <!-- tearDown -->
        <test-method is-config="true" signature="setup()[pri:0, instance:com.tutorialsninja.testcases.SearchTest@18271936]" started-at="2022-12-29T03:27:16 EST" name="setup" finished-at="2022-12-29T03:27:19 EST" duration-ms="3256" status="PASS">
          <reporter-output>
          </reporter-output>
        </test-method> <!-- setup -->
        <test-method signature="verifySearchWithNoProducts()[pri:3, instance:com.tutorialsninja.testcases.SearchTest@18271936]" started-at="2022-12-29T03:27:19 EST" name="verifySearchWithNoProducts" finished-at="2022-12-29T03:27:19 EST" duration-ms="516" status="PASS">
          <reporter-output>
          </reporter-output>
        </test-method> <!-- verifySearchWithNoProducts -->
        <test-method is-config="true" signature="tearDown()[pri:0, instance:com.tutorialsninja.testcases.SearchTest@18271936]" started-at="2022-12-29T03:27:19 EST" name="tearDown" finished-at="2022-12-29T03:27:19 EST" duration-ms="121" status="PASS">
          <reporter-output>
          </reporter-output>
        </test-method> <!-- tearDown -->
      </class> <!-- com.tutorialsninja.testcases.SearchTest -->
      <class name="com.tutorialsninja.testcases.Login_Test">
        <test-method is-config="true" signature="setup()[pri:0, instance:com.tutorialsninja.testcases.Login_Test@2e8c1c9b]" started-at="2022-12-29T03:26:30 EST" name="setup" finished-at="2022-12-29T03:26:35 EST" duration-ms="4956" status="PASS">
          <reporter-output>
          </reporter-output>
        </test-method> <!-- setup -->
        <test-method signature="VerifyLoginWithValidCredentials()[pri:1, instance:com.tutorialsninja.testcases.Login_Test@2e8c1c9b]" started-at="2022-12-29T03:26:35 EST" name="VerifyLoginWithValidCredentials" finished-at="2022-12-29T03:26:36 EST" duration-ms="863" status="PASS">
          <reporter-output>
          </reporter-output>
        </test-method> <!-- VerifyLoginWithValidCredentials -->
        <test-method is-config="true" signature="tearDown()[pri:0, instance:com.tutorialsninja.testcases.Login_Test@2e8c1c9b]" started-at="2022-12-29T03:26:36 EST" name="tearDown" finished-at="2022-12-29T03:26:36 EST" duration-ms="167" status="PASS">
          <reporter-output>
          </reporter-output>
        </test-method> <!-- tearDown -->
        <test-method is-config="true" signature="setup()[pri:0, instance:com.tutorialsninja.testcases.Login_Test@2e8c1c9b]" started-at="2022-12-29T03:26:36 EST" name="setup" finished-at="2022-12-29T03:26:39 EST" duration-ms="3433" status="PASS">
          <reporter-output>
          </reporter-output>
        </test-method> <!-- setup -->
        <test-method signature="VerifyLoginWithInvalidCredentials()[pri:2, instance:com.tutorialsninja.testcases.Login_Test@2e8c1c9b]" started-at="2022-12-29T03:26:39 EST" name="VerifyLoginWithInvalidCredentials" finished-at="2022-12-29T03:26:40 EST" duration-ms="640" status="PASS">
          <reporter-output>
          </reporter-output>
        </test-method> <!-- VerifyLoginWithInvalidCredentials -->
        <test-method is-config="true" signature="tearDown()[pri:0, instance:com.tutorialsninja.testcases.Login_Test@2e8c1c9b]" started-at="2022-12-29T03:26:40 EST" name="tearDown" finished-at="2022-12-29T03:26:40 EST" duration-ms="127" status="PASS">
          <reporter-output>
          </reporter-output>
        </test-method> <!-- tearDown -->
        <test-method is-config="true" signature="setup()[pri:0, instance:com.tutorialsninja.testcases.Login_Test@2e8c1c9b]" started-at="2022-12-29T03:26:40 EST" name="setup" finished-at="2022-12-29T03:26:43 EST" duration-ms="3471" status="PASS">
          <reporter-output>
          </reporter-output>
        </test-method> <!-- setup -->
        <test-method signature="VerifyLoginWithInvalidEmailValidPassword()[pri:3, instance:com.tutorialsninja.testcases.Login_Test@2e8c1c9b]" started-at="2022-12-29T03:26:43 EST" name="VerifyLoginWithInvalidEmailValidPassword" finished-at="2022-12-29T03:26:44 EST" duration-ms="607" status="PASS">
          <reporter-output>
          </reporter-output>
        </test-method> <!-- VerifyLoginWithInvalidEmailValidPassword -->
        <test-method is-config="true" signature="tearDown()[pri:0, instance:com.tutorialsninja.testcases.Login_Test@2e8c1c9b]" started-at="2022-12-29T03:26:44 EST" name="tearDown" finished-at="2022-12-29T03:26:44 EST" duration-ms="121" status="PASS">
          <reporter-output>
          </reporter-output>
        </test-method> <!-- tearDown -->
        <test-method is-config="true" signature="setup()[pri:0, instance:com.tutorialsninja.testcases.Login_Test@2e8c1c9b]" started-at="2022-12-29T03:26:44 EST" name="setup" finished-at="2022-12-29T03:26:48 EST" duration-ms="3444" status="PASS">
          <reporter-output>
          </reporter-output>
        </test-method> <!-- setup -->
        <test-method signature="VerifyLoginWithValidEmailInvalidPassword()[pri:4, instance:com.tutorialsninja.testcases.Login_Test@2e8c1c9b]" started-at="2022-12-29T03:26:48 EST" name="VerifyLoginWithValidEmailInvalidPassword" finished-at="2022-12-29T03:26:48 EST" duration-ms="627" status="PASS">
          <reporter-output>
          </reporter-output>
        </test-method> <!-- VerifyLoginWithValidEmailInvalidPassword -->
        <test-method is-config="true" signature="tearDown()[pri:0, instance:com.tutorialsninja.testcases.Login_Test@2e8c1c9b]" started-at="2022-12-29T03:26:48 EST" name="tearDown" finished-at="2022-12-29T03:26:48 EST" duration-ms="137" status="PASS">
          <reporter-output>
          </reporter-output>
        </test-method> <!-- tearDown -->
        <test-method is-config="true" signature="setup()[pri:0, instance:com.tutorialsninja.testcases.Login_Test@2e8c1c9b]" started-at="2022-12-29T03:26:48 EST" name="setup" finished-at="2022-12-29T03:26:52 EST" duration-ms="3507" status="PASS">
          <reporter-output>
          </reporter-output>
        </test-method> <!-- setup -->
        <test-method signature="VerifyLoginWithNoCredentials()[pri:5, instance:com.tutorialsninja.testcases.Login_Test@2e8c1c9b]" started-at="2022-12-29T03:26:52 EST" name="VerifyLoginWithNoCredentials" finished-at="2022-12-29T03:26:52 EST" duration-ms="582" status="PASS">
          <reporter-output>
          </reporter-output>
        </test-method> <!-- VerifyLoginWithNoCredentials -->
        <test-method is-config="true" signature="tearDown()[pri:0, instance:com.tutorialsninja.testcases.Login_Test@2e8c1c9b]" started-at="2022-12-29T03:26:52 EST" name="tearDown" finished-at="2022-12-29T03:26:53 EST" duration-ms="138" status="PASS">
          <reporter-output>
          </reporter-output>
        </test-method> <!-- tearDown -->
      </class> <!-- com.tutorialsninja.testcases.Login_Test -->
      <class name="com.tutorialsninja.testcases.RegisterTest">
        <test-method is-config="true" signature="Setup()[pri:0, instance:com.tutorialsninja.testcases.RegisterTest@909217e]" started-at="2022-12-29T03:26:53 EST" name="Setup" finished-at="2022-12-29T03:26:57 EST" duration-ms="3960" status="PASS">
          <reporter-output>
          </reporter-output>
        </test-method> <!-- Setup -->
        <test-method signature="VerifyRegisterWithMandatoryFields()[pri:1, instance:com.tutorialsninja.testcases.RegisterTest@909217e]" started-at="2022-12-29T03:26:57 EST" name="VerifyRegisterWithMandatoryFields" finished-at="2022-12-29T03:26:58 EST" duration-ms="1180" status="PASS">
          <reporter-output>
          </reporter-output>
        </test-method> <!-- VerifyRegisterWithMandatoryFields -->
        <test-method is-config="true" signature="tearDown()[pri:0, instance:com.tutorialsninja.testcases.RegisterTest@909217e]" started-at="2022-12-29T03:26:58 EST" name="tearDown" finished-at="2022-12-29T03:26:58 EST" duration-ms="172" status="PASS">
          <reporter-output>
          </reporter-output>
        </test-method> <!-- tearDown -->
        <test-method is-config="true" signature="Setup()[pri:0, instance:com.tutorialsninja.testcases.RegisterTest@909217e]" started-at="2022-12-29T03:26:58 EST" name="Setup" finished-at="2022-12-29T03:27:02 EST" duration-ms="4151" status="PASS">
          <reporter-output>
          </reporter-output>
        </test-method> <!-- Setup -->
        <test-method signature="VerifyRegisterWithAllFields()[pri:2, instance:com.tutorialsninja.testcases.RegisterTest@909217e]" started-at="2022-12-29T03:27:02 EST" name="VerifyRegisterWithAllFields" finished-at="2022-12-29T03:27:03 EST" duration-ms="1187" status="PASS">
          <reporter-output>
          </reporter-output>
        </test-method> <!-- VerifyRegisterWithAllFields -->
        <test-method is-config="true" signature="tearDown()[pri:0, instance:com.tutorialsninja.testcases.RegisterTest@909217e]" started-at="2022-12-29T03:27:03 EST" name="tearDown" finished-at="2022-12-29T03:27:03 EST" duration-ms="137" status="PASS">
          <reporter-output>
          </reporter-output>
        </test-method> <!-- tearDown -->
        <test-method is-config="true" signature="Setup()[pri:0, instance:com.tutorialsninja.testcases.RegisterTest@909217e]" started-at="2022-12-29T03:27:03 EST" name="Setup" finished-at="2022-12-29T03:27:07 EST" duration-ms="4112" status="PASS">
          <reporter-output>
          </reporter-output>
        </test-method> <!-- Setup -->
        <test-method signature="VerifyRegisterWithoutFeelingAnyFields()[pri:3, instance:com.tutorialsninja.testcases.RegisterTest@909217e]" started-at="2022-12-29T03:27:07 EST" name="VerifyRegisterWithoutFeelingAnyFields" finished-at="2022-12-29T03:27:08 EST" duration-ms="569" status="PASS">
          <reporter-output>
          </reporter-output>
        </test-method> <!-- VerifyRegisterWithoutFeelingAnyFields -->
        <test-method is-config="true" signature="tearDown()[pri:0, instance:com.tutorialsninja.testcases.RegisterTest@909217e]" started-at="2022-12-29T03:27:08 EST" name="tearDown" finished-at="2022-12-29T03:27:08 EST" duration-ms="125" status="PASS">
          <reporter-output>
          </reporter-output>
        </test-method> <!-- tearDown -->
      </class> <!-- com.tutorialsninja.testcases.RegisterTest -->
    </test> <!-- NinjaTest -->
  </suite> <!-- NinjaSuite -->
</testng-results>
